<?xml version="1.0" encoding="UTF-8"?>
<!-- Generated by org.testng.reporters.JUnitXMLReporter -->
<testsuite hostname="durgasoft-PC" name="erp_result" tests="5" failures="0" timestamp="13 Aug 2015 05:20:40 GMT" time="19.813" errors="0">
  <testcase name="testo1" time="9.438" classname="Com.erp.Inventory"/>
  <testcase name="testo2" time="0.046" classname="Com.erp.Inventory"/>
  <testcase name="testo3" time="1.857" classname="Com.erp.Inventory"/>
  <testcase name="testo4" time="1.029" classname="Com.erp.Inventory"/>
  <testcase name="testo5" time="1.03" classname="Com.erp.Inventory"/>
</testsuite> <!-- erp_result -->
