<?xml version="1.0" encoding="UTF-8"?>
<testng-results skipped="0" failed="0" total="2" passed="2">
  <reporter-output>
  </reporter-output>
  <suite name="Default suite" duration-ms="20517" started-at="2015-08-11T18:00:19Z" finished-at="2015-08-11T18:00:39Z">
    <groups>
    </groups>
    <test name="Default test" duration-ms="20517" started-at="2015-08-11T18:00:19Z" finished-at="2015-08-11T18:00:39Z">
      <class name="com.ERP.Inventory">
        <test-method status="PASS" signature="beforeTest()[pri:0, instance:com.ERP.Inventory@18caee7]" name="beforeTest" is-config="true" duration-ms="7798" started-at="2015-08-11T11:00:19Z" finished-at="2015-08-11T11:00:26Z">
          <reporter-output>
          </reporter-output>
        </test-method> <!-- beforeTest -->
        <test-method status="PASS" signature="test01()[pri:0, instance:com.ERP.Inventory@18caee7]" name="test01" duration-ms="9094" started-at="2015-08-11T11:00:27Z" description="Login" finished-at="2015-08-11T11:00:36Z">
          <reporter-output>
          </reporter-output>
        </test-method> <!-- test01 -->
        <test-method status="PASS" signature="test02()[pri:0, instance:com.ERP.Inventory@18caee7]" name="test02" duration-ms="3610" started-at="2015-08-11T11:00:36Z" description="Navigattio to Item Master" finished-at="2015-08-11T11:00:39Z">
          <reporter-output>
          </reporter-output>
        </test-method> <!-- test02 -->
        <test-method status="PASS" signature="afterTest()[pri:0, instance:com.ERP.Inventory@18caee7]" name="afterTest" is-config="true" duration-ms="0" started-at="2015-08-11T11:00:39Z" finished-at="2015-08-11T11:00:39Z">
          <reporter-output>
          </reporter-output>
        </test-method> <!-- afterTest -->
      </class> <!-- com.ERP.Inventory -->
    </test> <!-- Default test -->
  </suite> <!-- Default suite -->
</testng-results>
